{
  "RSpec": {
    "coverage": {
      "/home/siplusplus/done_pj/website_pizzeria/app/helpers/application_helper.rb": {
        "lines": [
          1,
          null
        ]
      },
      "/home/siplusplus/done_pj/website_pizzeria/app/controllers/homes_controller.rb": {
        "lines": [
          1,
          1,
          null
        ]
      },
      "/home/siplusplus/done_pj/website_pizzeria/app/controllers/application_controller.rb": {
        "lines": [
          1,
          null
        ]
      }
    },
    "timestamp": 1672225679
  }
}
