{
  "RSpec": {
    "coverage": {
      "/home/siplusplus/done_pj/website_pizzeria/app/controllers/application_controller.rb": {
        "lines": [
          1,
          1,
          null
        ]
      },
      "/home/siplusplus/done_pj/website_pizzeria/app/helpers/application_helper.rb": {
        "lines": [
          1,
          1,
          null
        ]
      },
      "/home/siplusplus/done_pj/website_pizzeria/app/helpers/addresses_helper.rb": {
        "lines": [
          1,
          1,
          24,
          null,
          null
        ]
      },
      "/home/siplusplus/done_pj/website_pizzeria/app/helpers/error_messages_helper.rb": {
        "lines": [
          1,
          null,
          1,
          null,
          null,
          null,
          null
        ]
      },
      "/home/siplusplus/done_pj/website_pizzeria/app/admin/admin_users.rb": {
        "lines": [
          1,
          1,
          null,
          1,
          null,
          1,
          6,
          6,
          null,
          6,
          null,
          null,
          1,
          2,
          2,
          null,
          null,
          null,
          1,
          4,
          4,
          4,
          4,
          null,
          4,
          null,
          null
        ]
      },
      "/home/siplusplus/done_pj/website_pizzeria/app/admin/categories.rb": {
        "lines": [
          1,
          1,
          null,
          1,
          5,
          5,
          null,
          5,
          null,
          null,
          1,
          5,
          5,
          null,
          null,
          null,
          1,
          7,
          7,
          null,
          7,
          null,
          null,
          null
        ]
      },
      "/home/siplusplus/done_pj/website_pizzeria/app/admin/dashboard.rb": {
        "lines": [
          null,
          null,
          1,
          86,
          null,
          3,
          1,
          1,
          1,
          1,
          null,
          null,
          null,
          null
        ]
      },
      "/home/siplusplus/done_pj/website_pizzeria/app/admin/pizza_dimensions.rb": {
        "lines": [
          1,
          1,
          null,
          1,
          null,
          1,
          5,
          5,
          5,
          null,
          5,
          null,
          null,
          1,
          5,
          5,
          5,
          null,
          null,
          null,
          1,
          7,
          7,
          7,
          null,
          7,
          null,
          null,
          null
        ]
      },
      "/home/siplusplus/done_pj/website_pizzeria/app/decorators/pizza_dimension_decorator.rb": {
        "lines": [
          1,
          1,
          null,
          1,
          23,
          null,
          null
        ]
      },
      "/home/siplusplus/done_pj/website_pizzeria/app/decorators/application_decorator.rb": {
        "lines": [
          1,
          1,
          null,
          1,
          21,
          null,
          null
        ]
      },
      "/home/siplusplus/done_pj/website_pizzeria/app/admin/pizzas.rb": {
        "lines": [
          1,
          null,
          1,
          1,
          null,
          1,
          1,
          36,
          null,
          null,
          null,
          1,
          null,
          1,
          7,
          7,
          7,
          7,
          7,
          7,
          7,
          null,
          7,
          null,
          null,
          1,
          9,
          9,
          9,
          9,
          9,
          9,
          9,
          null,
          null,
          null,
          1,
          11,
          11,
          11,
          11,
          11,
          11,
          11,
          null,
          11,
          null,
          null,
          null
        ]
      },
      "/home/siplusplus/done_pj/website_pizzeria/app/decorators/pizza_decorator.rb": {
        "lines": [
          1,
          1,
          1,
          null,
          1,
          8,
          null,
          null,
          1,
          16,
          null,
          null
        ]
      },
      "/home/siplusplus/done_pj/website_pizzeria/app/admin/users.rb": {
        "lines": [
          1,
          1,
          null,
          1,
          6,
          null,
          6,
          6,
          null,
          null,
          6,
          6,
          null,
          6,
          null,
          null,
          1,
          1,
          1,
          1,
          null,
          null,
          null,
          1,
          1,
          null,
          null,
          null,
          1,
          1,
          1,
          null,
          1,
          1,
          1,
          null,
          null,
          null,
          1,
          null,
          null
        ]
      },
      "/home/siplusplus/done_pj/website_pizzeria/app/controllers/addresses_controller.rb": {
        "lines": [
          1,
          1,
          10,
          10,
          null,
          null,
          1,
          6,
          6,
          null,
          null,
          1,
          null,
          1,
          10,
          10,
          null,
          null,
          1,
          31,
          null,
          null
        ]
      },
      "/home/siplusplus/done_pj/website_pizzeria/app/controllers/homes_controller.rb": {
        "lines": [
          1,
          1,
          null
        ]
      },
      "/home/siplusplus/done_pj/website_pizzeria/app/controllers/pizzas_controller.rb": {
        "lines": [
          1,
          1,
          null,
          1,
          23,
          null,
          23,
          23,
          24,
          null,
          null,
          null,
          1,
          2,
          2,
          null,
          null,
          1,
          null,
          1,
          23,
          null,
          null
        ]
      },
      "/home/siplusplus/done_pj/website_pizzeria/app/controllers/user_photos_controller.rb": {
        "lines": [
          1,
          1,
          1,
          null,
          null,
          1,
          1,
          null,
          1,
          null,
          null,
          1,
          1,
          null,
          1,
          null,
          null
        ]
      },
      "/home/siplusplus/done_pj/website_pizzeria/app/uploaders/image_uploader.rb": {
        "lines": [
          1,
          null,
          1,
          1,
          1,
          1,
          null,
          1,
          null,
          null,
          null,
          null,
          null,
          null,
          1,
          1,
          null,
          null,
          1,
          null,
          null,
          null,
          null,
          null,
          null,
          null,
          1,
          1,
          1,
          1,
          null,
          null
        ]
      },
      "/home/siplusplus/done_pj/website_pizzeria/app/queries/pizzas/pizzas_query.rb": {
        "lines": [
          1,
          1,
          null,
          1,
          null,
          null,
          null,
          null,
          null,
          null,
          null,
          1,
          29,
          29,
          29,
          null,
          null,
          1,
          29,
          29,
          29,
          null,
          null,
          1,
          1,
          null,
          1,
          null,
          null,
          1,
          29,
          null,
          27,
          null,
          null,
          null
        ]
      },
      "/home/siplusplus/done_pj/website_pizzeria/app/queries/base_query.rb": {
        "lines": [
          1,
          1,
          null,
          1,
          29,
          null,
          null
        ]
      },
      "/home/siplusplus/done_pj/website_pizzeria/app/interactors/addresses/address_update.rb": {
        "lines": [
          1,
          1,
          1,
          10,
          10,
          null,
          null,
          1,
          null,
          1,
          6,
          5,
          null,
          null,
          1,
          10,
          10,
          null,
          null,
          1,
          11,
          null,
          null,
          1,
          22,
          22,
          null,
          null,
          null,
          1,
          10,
          null,
          null,
          1,
          10,
          null,
          null,
          null
        ]
      },
      "/home/siplusplus/done_pj/website_pizzeria/app/interactors/base_interactor.rb": {
        "lines": [
          1,
          1,
          null
        ]
      },
      "/home/siplusplus/done_pj/website_pizzeria/app/forms/addresses/address_form.rb": {
        "lines": [
          1,
          1,
          1,
          1,
          null,
          1,
          1,
          null,
          1,
          1,
          1,
          1,
          1,
          1,
          1,
          null,
          1,
          1,
          null,
          null,
          1,
          null,
          1,
          null,
          null,
          null
        ]
      },
      "/home/siplusplus/done_pj/website_pizzeria/app/forms/base_form.rb": {
        "lines": [
          1,
          1,
          null
        ]
      },
      "/home/siplusplus/done_pj/website_pizzeria/app/interactors/user_photos/update.rb": {
        "lines": [
          1,
          1,
          1,
          1,
          null,
          null,
          1,
          null,
          1,
          2,
          null,
          null,
          1,
          1,
          null,
          null,
          null
        ]
      },
      "/home/siplusplus/done_pj/website_pizzeria/app/forms/users/user_photo_form.rb": {
        "lines": [
          1,
          1,
          1,
          1,
          null,
          null
        ]
      },
      "/home/siplusplus/done_pj/website_pizzeria/app/interactors/user_photos/destroy.rb": {
        "lines": [
          1,
          1,
          1,
          1,
          null,
          null,
          1,
          1,
          null,
          null,
          null
        ]
      },
      "/home/siplusplus/done_pj/website_pizzeria/app/controllers/users/omniauth_callbacks_controller.rb": {
        "lines": [
          1,
          1,
          1,
          2,
          null,
          null,
          1,
          0,
          null,
          null,
          1,
          2,
          2,
          null,
          null,
          1,
          null,
          1,
          2,
          2,
          2,
          null,
          0,
          0,
          null,
          null,
          null,
          null
        ]
      },
      "/home/siplusplus/done_pj/website_pizzeria/app/controllers/users/registrations_controller.rb": {
        "lines": [
          1,
          1,
          1,
          null,
          1,
          6,
          6,
          6,
          null,
          3,
          3,
          null,
          null,
          1,
          6,
          6,
          6,
          null,
          null,
          null
        ]
      },
      "/home/siplusplus/done_pj/website_pizzeria/app/forms/users/sign_up_form.rb": {
        "lines": [
          1,
          1,
          1,
          1,
          1,
          1,
          1,
          null,
          1,
          1,
          1,
          null,
          1,
          1,
          1,
          null,
          null,
          null,
          null
        ]
      },
      "/home/siplusplus/done_pj/website_pizzeria/app/interactors/privacy/privacy_update.rb": {
        "lines": [
          1,
          1,
          1,
          6,
          null,
          6,
          null,
          4,
          null,
          null,
          1,
          null,
          1,
          10,
          null,
          null,
          1,
          6,
          null,
          null,
          1,
          2,
          null,
          null,
          1,
          2,
          null,
          null,
          null
        ]
      },
      "/home/siplusplus/done_pj/website_pizzeria/app/forms/users/privacy_email.rb": {
        "lines": [
          1,
          1,
          1,
          1,
          null,
          1,
          null,
          1,
          null,
          null,
          null
        ]
      },
      "/home/siplusplus/done_pj/website_pizzeria/app/forms/users/privacy_password.rb": {
        "lines": [
          1,
          1,
          1,
          1,
          1,
          null,
          1,
          1,
          1,
          1,
          null,
          1,
          null,
          null,
          1,
          1,
          null,
          1,
          null,
          1,
          3,
          null,
          1,
          null,
          null,
          null
        ]
      }
    },
    "timestamp": 1676457836
  }
}
